[Sat Mar 26 19:17:46.742219 2022] [ssl:warn] [pid 18280:tid 644] AH01909: www.example.com:443:0 server certificate does NOT include an ID which matches the server name
[Sat Mar 26 19:17:46.766408 2022] [ssl:warn] [pid 18280:tid 644] AH01909: www.example.com:443:0 server certificate does NOT include an ID which matches the server name
PHP Warning:  Module 'openssl' already loaded in Unknown on line 0
[Sat Mar 26 19:17:47.038043 2022] [mpm_winnt:notice] [pid 18280:tid 644] AH00455: Apache/2.4.41 (Win64) OpenSSL/1.1.1c PHP/7.3.11 configured -- resuming normal operations
[Sat Mar 26 19:17:47.038043 2022] [mpm_winnt:notice] [pid 18280:tid 644] AH00456: Apache Lounge VC15 Server built: Aug 11 2019 12:20:04
[Sat Mar 26 19:17:47.038043 2022] [core:notice] [pid 18280:tid 644] AH00094: Command line: 'apache\\bin\\httpd.exe -d C:/Users/kevin/Downloads/MoodleWindowsInstaller-latest-311/server/apache -f conf\\httpd.conf'
[Sat Mar 26 19:17:47.041141 2022] [mpm_winnt:notice] [pid 18280:tid 644] AH00418: Parent: Created child process 24796
Apache server shutdown initiated...
sl:warn] [pid 24796:tid 580] AH01909: www.example.com:443:0 server certificate does NOT include an ID which matches the server name
[Sat Mar 26 19:17:47.277577 2022] [ssl:warn] [pid 24796:tid 580] AH01909: www.example.com:443:0 server certificate does NOT include an ID which matches the server name
PHP Warning:  Module 'openssl' already loaded in Unknown on line 0
[Sat Mar 26 19:17:47.296527 2022] [mpm_winnt:notice] [pid 24796:tid 580] AH00354: Child: Starting 150 worker threads.
[Sun Mar 27 03:17:31.830453 2022] [mpm_winnt:notice] [pid 18280:tid 644] AH00422: Parent: Received shutdown signal -- Shutting down the server.
[Sun Mar 27 03:17:33.852905 2022] [mpm_winnt:notice] [pid 24796:tid 580] AH00364: Child: All worker threads have exited.
[Sun Mar 27 03:17:33.932501 2022] [mpm_winnt:notice] [pid 18280:tid 644] AH00430: Parent: Child process 24796 exited successfully.
[Sun Mar 27 08:43:49.248913 2022] [ssl:warn] [pid 3636:tid 616] AH01909: www.example.com:443:0 server certificate does NOT include an ID which matches the server name
[Sun Mar 27 08:43:49.283647 2022] [ssl:warn] [pid 3636:tid 616] AH01909: www.example.com:443:0 server certificate does NOT include an ID which matches the server name
PHP Warning:  Module 'openssl' already loaded in Unknown on line 0
[Sun Mar 27 08:43:49.703722 2022] [mpm_winnt:notice] [pid 3636:tid 616] AH00455: Apache/2.4.41 (Win64) OpenSSL/1.1.1c PHP/7.3.11 configured -- resuming normal operations
[Sun Mar 27 08:43:49.703722 2022] [mpm_winnt:notice] [pid 3636:tid 616] AH00456: Apache Lounge VC15 Server built: Aug 11 2019 12:20:04
[Sun Mar 27 08:43:49.703722 2022] [core:notice] [pid 3636:tid 616] AH00094: Command line: 'apache\\bin\\httpd.exe -d C:/Users/kevin/Downloads/MoodleWindowsInstaller-latest-311/server/apache -f conf\\httpd.conf'
[Sun Mar 27 08:43:49.703722 2022] [mpm_winnt:notice] [pid 3636:tid 616] AH00418: Parent: Created child process 29836
Apache server shutdown initiated...
sl:warn] [pid 29836:tid 592] AH01909: www.example.com:443:0 server certificate does NOT include an ID which matches the server name
[Sun Mar 27 08:43:50.053900 2022] [ssl:warn] [pid 29836:tid 592] AH01909: www.example.com:443:0 server certificate does NOT include an ID which matches the server name
PHP Warning:  Module 'openssl' already loaded in Unknown on line 0
[Sun Mar 27 08:43:50.078960 2022] [mpm_winnt:notice] [pid 29836:tid 592] AH00354: Child: Starting 150 worker threads.
[Sun Mar 27 22:04:45.726702 2022] [mpm_winnt:notice] [pid 3636:tid 616] AH00422: Parent: Received shutdown signal -- Shutting down the server.
[Sun Mar 27 22:04:47.738433 2022] [mpm_winnt:notice] [pid 29836:tid 592] AH00364: Child: All worker threads have exited.
[Sun Mar 27 22:04:47.784653 2022] [mpm_winnt:notice] [pid 3636:tid 616] AH00430: Parent: Child process 29836 exited successfully.
[Mon Mar 28 13:21:25.177574 2022] [ssl:warn] [pid 36848:tid 620] AH01909: www.example.com:443:0 server certificate does NOT include an ID which matches the server name
[Mon Mar 28 13:21:25.219970 2022] [ssl:warn] [pid 36848:tid 620] AH01909: www.example.com:443:0 server certificate does NOT include an ID which matches the server name
PHP Warning:  Module 'openssl' already loaded in Unknown on line 0
[Mon Mar 28 13:21:25.647952 2022] [mpm_winnt:notice] [pid 36848:tid 620] AH00455: Apache/2.4.41 (Win64) OpenSSL/1.1.1c PHP/7.3.11 configured -- resuming normal operations
[Mon Mar 28 13:21:25.647952 2022] [mpm_winnt:notice] [pid 36848:tid 620] AH00456: Apache Lounge VC15 Server built: Aug 11 2019 12:20:04
[Mon Mar 28 13:21:25.647952 2022] [core:notice] [pid 36848:tid 620] AH00094: Command line: 'apache\\bin\\httpd.exe -d C:/Users/kevin/Downloads/MoodleWindowsInstaller-latest-311/server/apache -f conf\\httpd.conf'
[Mon Mar 28 13:21:25.663586 2022] [mpm_winnt:notice] [pid 36848:tid 620] AH00418: Parent: Created child process 43124
Apache server shutdown initiated...
sl:warn] [pid 43124:tid 604] AH01909: www.example.com:443:0 server certificate does NOT include an ID which matches the server name
[Mon Mar 28 13:21:26.008729 2022] [ssl:warn] [pid 43124:tid 604] AH01909: www.example.com:443:0 server certificate does NOT include an ID which matches the server name
PHP Warning:  Module 'openssl' already loaded in Unknown on line 0
[Mon Mar 28 13:21:26.041101 2022] [mpm_winnt:notice] [pid 43124:tid 604] AH00354: Child: Starting 150 worker threads.
[Mon Mar 28 15:02:56.783454 2022] [php7:warn] [pid 43124:tid 1876] [client ::1:58759] PHP Warning:  POST Content-Length of 46321193 bytes exceeds the limit of 33554432 bytes in Unknown on line 0, referer: http://localhost/course/modedit.php?update=1&return=0&sr=0
[Mon Mar 28 22:44:30.416313 2022] [core:error] [pid 43124:tid 1884] (20024)The given path is misformatted or contained invalid characters: [client ::1:50198] AH00127: Cannot map GET /course/%22//resources.emaze.com/mypres/css/images/embed.png%22 HTTP/1.1 to file, referer: http://localhost/course/view.php?id=2
[Mon Mar 28 22:44:42.003644 2022] [core:error] [pid 43124:tid 1868] (20024)The given path is misformatted or contained invalid characters: [client ::1:50206] AH00127: Cannot map GET /course/%22https://www.emaze.com%22 HTTP/1.1 to file, referer: http://localhost/course/view.php?id=2
[Tue Mar 29 00:35:25.103932 2022] [php7:warn] [pid 43124:tid 1888] [client ::1:55983] PHP Warning:  POST Content-Length of 356871333 bytes exceeds the limit of 33554432 bytes in Unknown on line 0, referer: http://localhost/course/editsection.php?id=2&sr
[Tue Mar 29 01:54:46.552718 2022] [mpm_winnt:notice] [pid 36848:tid 620] AH00422: Parent: Received shutdown signal -- Shutting down the server.
[Tue Mar 29 01:54:48.573082 2022] [mpm_winnt:notice] [pid 43124:tid 604] AH00364: Child: All worker threads have exited.
[Tue Mar 29 01:54:48.628182 2022] [mpm_winnt:notice] [pid 36848:tid 620] AH00430: Parent: Child process 43124 exited successfully.
[Tue Mar 29 11:00:19.895861 2022] [ssl:warn] [pid 29016:tid 624] AH01909: www.example.com:443:0 server certificate does NOT include an ID which matches the server name
[Tue Mar 29 11:00:19.927106 2022] [ssl:warn] [pid 29016:tid 624] AH01909: www.example.com:443:0 server certificate does NOT include an ID which matches the server name
PHP Warning:  Module 'openssl' already loaded in Unknown on line 0
[Tue Mar 29 11:00:20.199999 2022] [mpm_winnt:notice] [pid 29016:tid 624] AH00455: Apache/2.4.41 (Win64) OpenSSL/1.1.1c PHP/7.3.11 configured -- resuming normal operations
[Tue Mar 29 11:00:20.199999 2022] [mpm_winnt:notice] [pid 29016:tid 624] AH00456: Apache Lounge VC15 Server built: Aug 11 2019 12:20:04
[Tue Mar 29 11:00:20.199999 2022] [core:notice] [pid 29016:tid 624] AH00094: Command line: 'apache\\bin\\httpd.exe -d C:/Users/kevin/Downloads/MoodleWindowsInstaller-latest-311/server/apache -f conf\\httpd.conf'
[Tue Mar 29 11:00:20.199999 2022] [mpm_winnt:notice] [pid 29016:tid 624] AH00418: Parent: Created child process 8640
[Tue Mar 29 11:00:20.395160 2022] [ssl:warn] [pid 8640:tid 572] AH01909: www.example.com:443:0 server certificate does NOT include an ID which matches the server name
[Tue Mar 29 11:00:20.404668 2022] [ssl:warn] [pid 8640:tid 572] AH01909: www.example.com:443:0 server certificate does NOT include an ID which matches the server name
PHP Warning:  Module 'openssl' already loaded in Unknown on line 0
[Tue Mar 29 11:00:20.420293 2022] [mpm_winnt:notice] [pid 8640:tid 572] AH00354: Child: Starting 150 worker threads.
[Tue Mar 29 11:12:02.081842 2022] [mpm_winnt:notice] [pid 29016:tid 624] AH00422: Parent: Received shutdown signal -- Shutting down the server.
[Tue Mar 29 11:12:04.112860 2022] [mpm_winnt:notice] [pid 8640:tid 572] AH00364: Child: All worker threads have exited.
[Tue Mar 29 11:12:04.132517 2022] [mpm_winnt:notice] [pid 29016:tid 624] AH00430: Parent: Child process 8640 exited successfully.
[Tue Mar 29 11:13:05.843768 2022] [ssl:warn] [pid 35976:tid 172] AH01909: www.example.com:443:0 server certificate does NOT include an ID which matches the server name
[Tue Mar 29 11:13:05.865709 2022] [ssl:warn] [pid 35976:tid 172] AH01909: www.example.com:443:0 server certificate does NOT include an ID which matches the server name
PHP Warning:  Module 'openssl' already loaded in Unknown on line 0
[Tue Mar 29 11:13:05.883661 2022] [mpm_winnt:notice] [pid 35976:tid 172] AH00455: Apache/2.4.41 (Win64) OpenSSL/1.1.1c PHP/7.3.11 configured -- resuming normal operations
[Tue Mar 29 11:13:05.883661 2022] [mpm_winnt:notice] [pid 35976:tid 172] AH00456: Apache Lounge VC15 Server built: Aug 11 2019 12:20:04
[Tue Mar 29 11:13:05.883661 2022] [core:notice] [pid 35976:tid 172] AH00094: Command line: 'apache\\bin\\httpd.exe -d C:/Users/kevin/Downloads/MoodleWindowsInstaller-latest-311/server/apache -f conf\\httpd.conf'
[Tue Mar 29 11:13:05.885673 2022] [mpm_winnt:notice] [pid 35976:tid 172] AH00418: Parent: Created child process 43596
Apache server shutdown initiated...
sl:warn] [pid 43596:tid 600] AH01909: www.example.com:443:0 server certificate does NOT include an ID which matches the server name
[Tue Mar 29 11:13:06.091106 2022] [ssl:warn] [pid 43596:tid 600] AH01909: www.example.com:443:0 server certificate does NOT include an ID which matches the server name
PHP Warning:  Module 'openssl' already loaded in Unknown on line 0
[Tue Mar 29 11:13:06.106070 2022] [mpm_winnt:notice] [pid 43596:tid 600] AH00354: Child: Starting 150 worker threads.
[Tue Mar 29 11:19:49.632123 2022] [mpm_winnt:notice] [pid 35976:tid 172] AH00422: Parent: Received shutdown signal -- Shutting down the server.
[Tue Mar 29 11:19:51.652025 2022] [mpm_winnt:notice] [pid 43596:tid 600] AH00364: Child: All worker threads have exited.
[Tue Mar 29 11:19:51.673245 2022] [mpm_winnt:notice] [pid 35976:tid 172] AH00430: Parent: Child process 43596 exited successfully.
[Tue Mar 29 11:19:56.337971 2022] [ssl:warn] [pid 11340:tid 148] AH01909: www.example.com:443:0 server certificate does NOT include an ID which matches the server name
[Tue Mar 29 11:19:56.360121 2022] [ssl:warn] [pid 11340:tid 148] AH01909: www.example.com:443:0 server certificate does NOT include an ID which matches the server name
PHP Warning:  Module 'openssl' already loaded in Unknown on line 0
[Tue Mar 29 11:19:56.377122 2022] [mpm_winnt:notice] [pid 11340:tid 148] AH00455: Apache/2.4.41 (Win64) OpenSSL/1.1.1c PHP/7.3.11 configured -- resuming normal operations
[Tue Mar 29 11:19:56.377122 2022] [mpm_winnt:notice] [pid 11340:tid 148] AH00456: Apache Lounge VC15 Server built: Aug 11 2019 12:20:04
[Tue Mar 29 11:19:56.377122 2022] [core:notice] [pid 11340:tid 148] AH00094: Command line: 'apache\\bin\\httpd.exe -d C:/Users/kevin/Downloads/MoodleWindowsInstaller-latest-311/server/apache -f conf\\httpd.conf'
[Tue Mar 29 11:19:56.382182 2022] [mpm_winnt:notice] [pid 11340:tid 148] AH00418: Parent: Created child process 40912
Apache server shutdown initiated...
sl:warn] [pid 40912:tid 588] AH01909: www.example.com:443:0 server certificate does NOT include an ID which matches the server name
[Tue Mar 29 11:19:56.581260 2022] [ssl:warn] [pid 40912:tid 588] AH01909: www.example.com:443:0 server certificate does NOT include an ID which matches the server name
PHP Warning:  Module 'openssl' already loaded in Unknown on line 0
[Tue Mar 29 11:19:56.595266 2022] [mpm_winnt:notice] [pid 40912:tid 588] AH00354: Child: Starting 150 worker threads.
[Tue Mar 29 12:12:47.081010 2022] [mpm_winnt:notice] [pid 11340:tid 148] AH00422: Parent: Received shutdown signal -- Shutting down the server.
[Tue Mar 29 12:12:49.095154 2022] [mpm_winnt:notice] [pid 40912:tid 588] AH00364: Child: All worker threads have exited.
[Tue Mar 29 12:12:49.115233 2022] [mpm_winnt:notice] [pid 11340:tid 148] AH00430: Parent: Child process 40912 exited successfully.
[Tue Mar 29 14:45:00.600333 2022] [ssl:warn] [pid 44932:tid 608] AH01909: www.example.com:443:0 server certificate does NOT include an ID which matches the server name
[Tue Mar 29 14:45:00.615954 2022] [ssl:warn] [pid 44932:tid 608] AH01909: www.example.com:443:0 server certificate does NOT include an ID which matches the server name
PHP Warning:  Module 'openssl' already loaded in Unknown on line 0
[Tue Mar 29 14:45:00.631582 2022] [mpm_winnt:notice] [pid 44932:tid 608] AH00455: Apache/2.4.41 (Win64) OpenSSL/1.1.1c PHP/7.3.11 configured -- resuming normal operations
[Tue Mar 29 14:45:00.631582 2022] [mpm_winnt:notice] [pid 44932:tid 608] AH00456: Apache Lounge VC15 Server built: Aug 11 2019 12:20:04
[Tue Mar 29 14:45:00.631582 2022] [core:notice] [pid 44932:tid 608] AH00094: Command line: 'apache\\bin\\httpd.exe -d C:/Users/kevin/Downloads/MoodleWindowsInstaller-latest-311/server/apache -f conf\\httpd.conf'
[Tue Mar 29 14:45:00.631582 2022] [mpm_winnt:notice] [pid 44932:tid 608] AH00418: Parent: Created child process 25444
Apache server shutdown initiated...
sl:warn] [pid 25444:tid 600] AH01909: www.example.com:443:0 server certificate does NOT include an ID which matches the server name
[Tue Mar 29 14:45:00.855165 2022] [ssl:warn] [pid 25444:tid 600] AH01909: www.example.com:443:0 server certificate does NOT include an ID which matches the server name
PHP Warning:  Module 'openssl' already loaded in Unknown on line 0
[Tue Mar 29 14:45:00.867169 2022] [mpm_winnt:notice] [pid 25444:tid 600] AH00354: Child: Starting 150 worker threads.
[Tue Mar 29 19:29:57.753147 2022] [mpm_winnt:notice] [pid 44932:tid 608] AH00422: Parent: Received shutdown signal -- Shutting down the server.
[Tue Mar 29 19:29:59.765399 2022] [mpm_winnt:notice] [pid 25444:tid 600] AH00364: Child: All worker threads have exited.
[Tue Mar 29 19:29:59.811276 2022] [mpm_winnt:notice] [pid 44932:tid 608] AH00430: Parent: Child process 25444 exited successfully.
